[logs/Android_Pixel 2 INFO ] 2020-06-03 00:01:19.090 BaseTest:210 - log path:logs/Android_Pixel 2
[logs/Android_Pixel 2 INFO ] 2020-06-03 00:01:19.100 BaseTest:248 - appUrl is/Users/sharadgupta/Documents/automation/RunServer/target/classes/app/btv.apk
[logs/Android_Pixel 2 ERROR] 2020-06-03 00:01:39.934 TestListener:35 - java.lang.NullPointerException
	at com.qa.listeners.TestListener.onTestSkipped(TestListener.java:98)
	at org.testng.internal.TestListenerHelper.runTestListeners(TestListenerHelper.java:61)
	at org.testng.internal.Invoker.runTestListeners(Invoker.java:1388)
	at org.testng.internal.Invoker.registerSkippedTestResult(Invoker.java:1062)
	at org.testng.internal.Invoker.invokeMethod(Invoker.java:526)
	at org.testng.internal.Invoker.invokeTestMethod(Invoker.java:716)
	at org.testng.internal.Invoker.invokeTestMethods(Invoker.java:988)
	at org.testng.internal.TestMethodWorker.invokeTestMethods(TestMethodWorker.java:125)
	at org.testng.internal.TestMethodWorker.run(TestMethodWorker.java:109)
	at org.testng.TestRunner.privateRun(TestRunner.java:648)
	at org.testng.TestRunner.run(TestRunner.java:505)
	at org.testng.SuiteRunner.runTest(SuiteRunner.java:455)
	at org.testng.SuiteRunner.access$000(SuiteRunner.java:40)
	at org.testng.SuiteRunner$SuiteWorker.run(SuiteRunner.java:489)
	at org.testng.internal.thread.ThreadUtil$1.call(ThreadUtil.java:52)
	at java.base/java.util.concurrent.FutureTask.run(FutureTask.java:264)
	at java.base/java.util.concurrent.ThreadPoolExecutor.runWorker(ThreadPoolExecutor.java:1128)
	at java.base/java.util.concurrent.ThreadPoolExecutor$Worker.run(ThreadPoolExecutor.java:628)
	at java.base/java.lang.Thread.run(Thread.java:834)

[logs/Android_Pixel 2 INFO ] 2020-06-03 00:01:39.935 TestListener:41 - Base file name >>>com.qa.BaseTest@374da342
[logs/Android_Pixel 2 INFO ] 2020-06-03 00:02:13.582 BaseTest:210 - log path:logs/Android_Pixel 2
[logs/Android_Pixel 2 INFO ] 2020-06-03 00:02:13.591 BaseTest:248 - appUrl is/Users/sharadgupta/Documents/automation/RunServer/target/classes/app/btv.apk
[logs/Android_Pixel 2 ERROR] 2020-06-03 00:02:31.479 TestListener:35 - java.lang.NullPointerException
	at com.qa.listeners.TestListener.onTestSkipped(TestListener.java:98)
	at org.testng.internal.TestListenerHelper.runTestListeners(TestListenerHelper.java:61)
	at org.testng.internal.Invoker.runTestListeners(Invoker.java:1388)
	at org.testng.internal.Invoker.registerSkippedTestResult(Invoker.java:1062)
	at org.testng.internal.Invoker.invokeMethod(Invoker.java:526)
	at org.testng.internal.Invoker.invokeTestMethod(Invoker.java:716)
	at org.testng.internal.Invoker.invokeTestMethods(Invoker.java:988)
	at org.testng.internal.TestMethodWorker.invokeTestMethods(TestMethodWorker.java:125)
	at org.testng.internal.TestMethodWorker.run(TestMethodWorker.java:109)
	at org.testng.TestRunner.privateRun(TestRunner.java:648)
	at org.testng.TestRunner.run(TestRunner.java:505)
	at org.testng.SuiteRunner.runTest(SuiteRunner.java:455)
	at org.testng.SuiteRunner.access$000(SuiteRunner.java:40)
	at org.testng.SuiteRunner$SuiteWorker.run(SuiteRunner.java:489)
	at org.testng.internal.thread.ThreadUtil$1.call(ThreadUtil.java:52)
	at java.base/java.util.concurrent.FutureTask.run(FutureTask.java:264)
	at java.base/java.util.concurrent.ThreadPoolExecutor.runWorker(ThreadPoolExecutor.java:1128)
	at java.base/java.util.concurrent.ThreadPoolExecutor$Worker.run(ThreadPoolExecutor.java:628)
	at java.base/java.lang.Thread.run(Thread.java:834)

[logs/Android_Pixel 2 INFO ] 2020-06-03 00:02:31.480 TestListener:41 - Base file name >>>com.qa.BaseTest@77e5b8e7
[logs/Android_Pixel 2 INFO ] 2020-06-03 00:03:27.952 BaseTest:210 - log path:logs/Android_Pixel 2
[logs/Android_Pixel 2 INFO ] 2020-06-03 00:03:27.961 BaseTest:248 - appUrl is/Users/sharadgupta/Documents/automation/RunServer/target/classes/app/btv.apk
[logs/Android_Pixel 2 ERROR] 2020-06-03 00:03:29.029 TestListener:35 - java.lang.NullPointerException
	at com.qa.listeners.TestListener.onTestSkipped(TestListener.java:98)
	at org.testng.internal.TestListenerHelper.runTestListeners(TestListenerHelper.java:61)
	at org.testng.internal.Invoker.runTestListeners(Invoker.java:1388)
	at org.testng.internal.Invoker.registerSkippedTestResult(Invoker.java:1062)
	at org.testng.internal.Invoker.invokeMethod(Invoker.java:526)
	at org.testng.internal.Invoker.invokeTestMethod(Invoker.java:716)
	at org.testng.internal.Invoker.invokeTestMethods(Invoker.java:988)
	at org.testng.internal.TestMethodWorker.invokeTestMethods(TestMethodWorker.java:125)
	at org.testng.internal.TestMethodWorker.run(TestMethodWorker.java:109)
	at org.testng.TestRunner.privateRun(TestRunner.java:648)
	at org.testng.TestRunner.run(TestRunner.java:505)
	at org.testng.SuiteRunner.runTest(SuiteRunner.java:455)
	at org.testng.SuiteRunner.access$000(SuiteRunner.java:40)
	at org.testng.SuiteRunner$SuiteWorker.run(SuiteRunner.java:489)
	at org.testng.internal.thread.ThreadUtil$1.call(ThreadUtil.java:52)
	at java.base/java.util.concurrent.FutureTask.run(FutureTask.java:264)
	at java.base/java.util.concurrent.ThreadPoolExecutor.runWorker(ThreadPoolExecutor.java:1128)
	at java.base/java.util.concurrent.ThreadPoolExecutor$Worker.run(ThreadPoolExecutor.java:628)
	at java.base/java.lang.Thread.run(Thread.java:834)

[logs/Android_Pixel 2 INFO ] 2020-06-03 00:03:29.029 TestListener:41 - Base file name >>>com.qa.BaseTest@7889857a
[logs/Android_Pixel 2 INFO ] 2020-06-03 00:03:46.338 BaseTest:210 - log path:logs/Android_Pixel 2
[logs/Android_Pixel 2 INFO ] 2020-06-03 00:03:46.347 BaseTest:248 - appUrl is/Users/sharadgupta/Documents/automation/RunServer/target/classes/app/btv.apk
[logs/Android_Pixel 2 ERROR] 2020-06-03 00:03:47.258 TestListener:35 - java.lang.NullPointerException
	at com.qa.listeners.TestListener.onTestSkipped(TestListener.java:98)
	at org.testng.internal.TestListenerHelper.runTestListeners(TestListenerHelper.java:61)
	at org.testng.internal.Invoker.runTestListeners(Invoker.java:1388)
	at org.testng.internal.Invoker.registerSkippedTestResult(Invoker.java:1062)
	at org.testng.internal.Invoker.invokeMethod(Invoker.java:526)
	at org.testng.internal.Invoker.invokeTestMethod(Invoker.java:716)
	at org.testng.internal.Invoker.invokeTestMethods(Invoker.java:988)
	at org.testng.internal.TestMethodWorker.invokeTestMethods(TestMethodWorker.java:125)
	at org.testng.internal.TestMethodWorker.run(TestMethodWorker.java:109)
	at org.testng.TestRunner.privateRun(TestRunner.java:648)
	at org.testng.TestRunner.run(TestRunner.java:505)
	at org.testng.SuiteRunner.runTest(SuiteRunner.java:455)
	at org.testng.SuiteRunner.access$000(SuiteRunner.java:40)
	at org.testng.SuiteRunner$SuiteWorker.run(SuiteRunner.java:489)
	at org.testng.internal.thread.ThreadUtil$1.call(ThreadUtil.java:52)
	at java.base/java.util.concurrent.FutureTask.run(FutureTask.java:264)
	at java.base/java.util.concurrent.ThreadPoolExecutor.runWorker(ThreadPoolExecutor.java:1128)
	at java.base/java.util.concurrent.ThreadPoolExecutor$Worker.run(ThreadPoolExecutor.java:628)
	at java.base/java.lang.Thread.run(Thread.java:834)

[logs/Android_Pixel 2 INFO ] 2020-06-03 00:03:47.259 TestListener:41 - Base file name >>>com.qa.BaseTest@2f4b9a5
[logs/Android_Pixel 2 INFO ] 2020-06-03 15:33:30.992 BaseTest:211 - log path:logs/Android_Pixel 2
[logs/Android_Pixel 2 INFO ] 2020-06-03 15:33:31.003 BaseTest:249 - appUrl is/Users/sharadgupta/Documents/automation/RunServer/target/classes/app/btv.apk
[logs/Android_Pixel 2 INFO ] 2020-06-03 15:33:49.502 EditVideoTest:66 - login test before metod
[logs/Android_Pixel 2 INFO ] 2020-06-03 15:33:49.610 EditVideoTest:71 - 
**********Starting Test******** :verifyDashboardTitle*****

[logs/Android_Pixel 2 INFO ] 2020-06-03 15:34:03.740 EditVideoTest:90 - >>>>>Marketing Screen<<<<<<
[logs/Android_Pixel 2 INFO ] 2020-06-03 15:34:09.825 BaseTest:303 - enter email id is >>>yashimittal09+1@gmail.com
[logs/Android_Pixel 2 INFO ] 2020-06-03 15:34:10.893 BaseTest:303 - enter Password is >>>Password1124!
[logs/Android_Pixel 2 INFO ] 2020-06-03 15:34:11.945 BaseTest:291 - Press login button
[logs/Android_Pixel 2 INFO ] 2020-06-03 15:34:12.012 EditVideoTest:92 - >>>>>Login Screen<<<<<<
[logs/Android_Pixel 2 INFO ] 2020-06-03 15:34:20.731 EditVideoTest:99 - Dashboard Text visible ----true
[logs/Android_Pixel 2 INFO ] 2020-06-03 15:34:21.596 EditVideoPage:67 - EDIT Button Clicked
[logs/Android_Pixel 2 INFO ] 2020-06-03 15:34:23.185 EditVideoPage:73 - EDIT Button Clicked
[logs/Android_Pixel 2 INFO ] 2020-06-03 15:34:25.494 EditVideoPage:126 - ok_button_text_view
[logs/Android_Pixel 2 INFO ] 2020-06-03 15:34:26.686 EditVideoPage:131 - save_button_text_view
[logs/Android_Pixel 2 INFO ] 2020-06-03 15:34:28.395 EditVideoPage:160 - click 3 dot
[logs/Android_Pixel 2 INFO ] 2020-06-03 15:34:30.033 EditVideoPage:166 - click 3 dot
[logs/Android_Pixel 2 INFO ] 2020-06-03 15:34:31.726 EditVideoPage:172 - edit name field
[logs/Android_Pixel 2 INFO ] 2020-06-03 15:34:32.293 BaseTest:303 - enter card number >>>sharad
[logs/Android_Pixel 2 INFO ] 2020-06-03 15:34:32.325 EditVideoPage:179 - click 3 dot
[logs/Android_Pixel 2 ERROR] 2020-06-03 15:35:32.362 TestListener:35 - org.openqa.selenium.TimeoutException: Expected condition failed: waiting for visibility of Located by By.chained({By.xpath: /hierarchy/android.widget.FrameLayout/android.widget.FrameLayout/android.widget.ListView/android.widget.LinearLayout[2]/android.widget.LinearLayout/android.widget.RelativeLayout/android.widget.TextView}) (tried for 60 second(s) with 500 milliseconds interval)
	at org.openqa.selenium.support.ui.WebDriverWait.timeoutException(WebDriverWait.java:95)
	at org.openqa.selenium.support.ui.FluentWait.until(FluentWait.java:272)
	at com.qa.BaseTest.waitForVisibility(BaseTest.java:273)
	at com.qa.BaseTest.click(BaseTest.java:285)
	at com.qa.pages.EditVideoPage.clickSaveRename(EditVideoPage.java:180)
	at com.qa.tests.EditVideoTest.verifyDashboardTitle(EditVideoTest.java:135)
	at java.base/jdk.internal.reflect.NativeMethodAccessorImpl.invoke0(Native Method)
	at java.base/jdk.internal.reflect.NativeMethodAccessorImpl.invoke(NativeMethodAccessorImpl.java:62)
	at java.base/jdk.internal.reflect.DelegatingMethodAccessorImpl.invoke(DelegatingMethodAccessorImpl.java:43)
	at java.base/java.lang.reflect.Method.invoke(Method.java:566)
	at org.testng.internal.MethodInvocationHelper.invokeMethod(MethodInvocationHelper.java:124)
	at org.testng.internal.Invoker.invokeMethod(Invoker.java:580)
	at org.testng.internal.Invoker.invokeTestMethod(Invoker.java:716)
	at org.testng.internal.Invoker.invokeTestMethods(Invoker.java:988)
	at org.testng.internal.TestMethodWorker.invokeTestMethods(TestMethodWorker.java:125)
	at org.testng.internal.TestMethodWorker.run(TestMethodWorker.java:109)
	at org.testng.TestRunner.privateRun(TestRunner.java:648)
	at org.testng.TestRunner.run(TestRunner.java:505)
	at org.testng.SuiteRunner.runTest(SuiteRunner.java:455)
	at org.testng.SuiteRunner.access$000(SuiteRunner.java:40)
	at org.testng.SuiteRunner$SuiteWorker.run(SuiteRunner.java:489)
	at org.testng.internal.thread.ThreadUtil$1.call(ThreadUtil.java:52)
	at java.base/java.util.concurrent.FutureTask.run(FutureTask.java:264)
	at java.base/java.util.concurrent.ThreadPoolExecutor.runWorker(ThreadPoolExecutor.java:1128)
	at java.base/java.util.concurrent.ThreadPoolExecutor$Worker.run(ThreadPoolExecutor.java:628)
	at java.base/java.lang.Thread.run(Thread.java:834)
Caused by: org.openqa.selenium.NoSuchElementException: Can't locate an element by this strategy: By.chained({By.xpath: /hierarchy/android.widget.FrameLayout/android.widget.FrameLayout/android.widget.ListView/android.widget.LinearLayout[2]/android.widget.LinearLayout/android.widget.RelativeLayout/android.widget.TextView})
	at io.appium.java_client.pagefactory.AppiumElementLocator.findElement(AppiumElementLocator.java:126)
	at io.appium.java_client.pagefactory.interceptors.InterceptorOfASingleElement.intercept(InterceptorOfASingleElement.java:59)
	at io.appium.java_client.android.AndroidElement$$EnhancerByCGLIB$$b598166c.isDisplayed(<generated>)
	at org.openqa.selenium.support.ui.ExpectedConditions.elementIfVisible(ExpectedConditions.java:314)
	at org.openqa.selenium.support.ui.ExpectedConditions.access$000(ExpectedConditions.java:43)
	at org.openqa.selenium.support.ui.ExpectedConditions$10.apply(ExpectedConditions.java:300)
	at org.openqa.selenium.support.ui.ExpectedConditions$10.apply(ExpectedConditions.java:297)
	at org.openqa.selenium.support.ui.FluentWait.until(FluentWait.java:249)
	... 24 more
Caused by: org.openqa.selenium.TimeoutException: Expected condition failed: waiting for io.appium.java_client.pagefactory.AppiumElementLocator$WaitingFunction@395fe157 (tried for 1 second(s) with 500 milliseconds interval)
	at org.openqa.selenium.support.ui.FluentWait.timeoutException(FluentWait.java:304)
	at org.openqa.selenium.support.ui.FluentWait.until(FluentWait.java:272)
	at io.appium.java_client.pagefactory.AppiumElementLocator.waitFor(AppiumElementLocator.java:99)
	at io.appium.java_client.pagefactory.AppiumElementLocator.findElement(AppiumElementLocator.java:119)
	... 31 more
Caused by: org.openqa.selenium.NoSuchElementException: Cannot locate an element using By.chained({By.xpath: /hierarchy/android.widget.FrameLayout/android.widget.FrameLayout/android.widget.ListView/android.widget.LinearLayout[2]/android.widget.LinearLayout/android.widget.RelativeLayout/android.widget.TextView})
For documentation on this error, please visit: https://www.seleniumhq.org/exceptions/no_such_element.html
Build info: version: '3.141.59', revision: 'e82be7d358', time: '2018-11-14T08:17:03'
System info: host: 'INLaptop140.local', ip: 'fe80:0:0:0:461:b65d:48a3:293%en0', os.name: 'Mac OS X', os.arch: 'x86_64', os.version: '10.14.6', java.version: '11.0.1'
Driver info: driver.version: AndroidDriver
	at io.appium.java_client.pagefactory.bys.builder.ByChained.findElement(ByChained.java:74)
	at org.openqa.selenium.remote.RemoteWebDriver.findElement(RemoteWebDriver.java:315)
	at io.appium.java_client.DefaultGenericMobileDriver.findElement(DefaultGenericMobileDriver.java:57)
	at io.appium.java_client.AppiumDriver.findElement(AppiumDriver.java:1)
	at io.appium.java_client.android.AndroidDriver.findElement(AndroidDriver.java:1)
	at io.appium.java_client.pagefactory.bys.ContentMappedBy.findElement(ContentMappedBy.java:50)
	at org.openqa.selenium.remote.RemoteWebDriver.findElement(RemoteWebDriver.java:315)
	at io.appium.java_client.DefaultGenericMobileDriver.findElement(DefaultGenericMobileDriver.java:57)
	at io.appium.java_client.AppiumDriver.findElement(AppiumDriver.java:1)
	at io.appium.java_client.android.AndroidDriver.findElement(AndroidDriver.java:1)
	at io.appium.java_client.pagefactory.AppiumElementLocator.lambda$0(AppiumElementLocator.java:120)
	at io.appium.java_client.pagefactory.AppiumElementLocator$WaitingFunction.apply(AppiumElementLocator.java:172)
	at io.appium.java_client.pagefactory.AppiumElementLocator$WaitingFunction.apply(AppiumElementLocator.java:1)
	at org.openqa.selenium.support.ui.FluentWait.until(FluentWait.java:249)
	... 33 more

[logs/Android_Pixel 2 INFO ] 2020-06-03 15:35:32.364 TestListener:41 - Base file name >>>com.qa.BaseTest@2d22c8e6
[logs/Android_Pixel 2 INFO ] 2020-06-03 15:35:32.829 TestListener:43 - base file name/var/folders/md/dn9m3dgs71v3r6n13phj8sf80000gq/T/screenshot12966752402266558196.png
[logs/Android_Pixel 2 INFO ] 2020-06-03 15:35:32.861 EditVideoTest:76 - login test before method
